2024-08-20 16:22:44,304 WARNING database DDL Query made to DB:
ALTER TABLE `tabEmployee` MODIFY `custom_project_manager_review` decimal(21,9) not null default 0, MODIFY `custom_team_lead_review` decimal(21,9) not null default 0, MODIFY `custom_overall_review` decimal(21,9) not null default 0, MODIFY `custom_management_review` decimal(21,9) not null default 0, MODIFY `ctc` decimal(21,9) not null default 0
2024-08-21 15:22:03,340 WARNING database DDL Query made to DB:
ALTER TABLE `tabEmployee` MODIFY `custom_project_manager_review` decimal(21,9) not null default 0, MODIFY `ctc` decimal(21,9) not null default 0, MODIFY `custom_management_review` decimal(21,9) not null default 0, MODIFY `custom_team_lead_review` decimal(21,9) not null default 0, MODIFY `custom_overall_review` decimal(21,9) not null default 0
2024-08-21 15:22:26,382 WARNING database DDL Query made to DB:
ALTER TABLE `tabEmployee` MODIFY `custom_overall_review` decimal(21,9) not null default 0, MODIFY `custom_project_manager_review` decimal(21,9) not null default 0, MODIFY `ctc` decimal(21,9) not null default 0, MODIFY `custom_team_lead_review` decimal(21,9) not null default 0, MODIFY `custom_management_review` decimal(21,9) not null default 0
2024-08-21 15:22:33,962 WARNING database DDL Query made to DB:
ALTER TABLE `tabEmployee` MODIFY `custom_project_manager_review` decimal(21,9) not null default 0, MODIFY `custom_overall_review` decimal(21,9) not null default 0, MODIFY `custom_management_review` decimal(21,9) not null default 0, MODIFY `custom_team_lead_review` decimal(21,9) not null default 0, MODIFY `ctc` decimal(21,9) not null default 0
2024-08-22 11:07:26,949 WARNING database DDL Query made to DB:
alter table `tabProject Details` add column if not exists parent varchar(140)
2024-08-22 11:07:26,953 WARNING database DDL Query made to DB:
alter table `tabProject Details` add column if not exists parenttype varchar(140)
2024-08-22 11:07:26,953 WARNING database DDL Query made to DB:
alter table `tabProject Details` add column if not exists parentfield varchar(140)
2024-08-22 11:07:27,038 WARNING database DDL Query made to DB:
ALTER TABLE `tabProject Details` ADD COLUMN `po_start_date` date, ADD COLUMN `po_end_date` date
2024-08-23 15:57:02,129 WARNING database DDL Query made to DB:
ALTER TABLE `tabEmployee` ADD COLUMN `custom_billable_status` varchar(140)
2024-08-23 15:57:02,146 WARNING database DDL Query made to DB:
ALTER TABLE `tabEmployee` MODIFY `custom_overall_review` decimal(21,9) not null default 0, MODIFY `custom_management_review` decimal(21,9) not null default 0, MODIFY `ctc` decimal(21,9) not null default 0, MODIFY `custom_project_manager_review` decimal(21,9) not null default 0, MODIFY `custom_team_lead_review` decimal(21,9) not null default 0
2024-08-23 15:57:02,330 WARNING database DDL Query made to DB:
ALTER TABLE `tabEmployee` MODIFY `custom_team_lead_review` decimal(21,9) not null default 0, MODIFY `custom_management_review` decimal(21,9) not null default 0, MODIFY `ctc` decimal(21,9) not null default 0, MODIFY `custom_overall_review` decimal(21,9) not null default 0, MODIFY `custom_project_manager_review` decimal(21,9) not null default 0
2024-08-23 15:57:11,054 WARNING database DDL Query made to DB:
ALTER TABLE `tabEmployee` MODIFY `custom_management_review` decimal(21,9) not null default 0, MODIFY `custom_project_manager_review` decimal(21,9) not null default 0, MODIFY `custom_team_lead_review` decimal(21,9) not null default 0, MODIFY `ctc` decimal(21,9) not null default 0, MODIFY `custom_overall_review` decimal(21,9) not null default 0
2024-08-23 15:57:55,386 WARNING database DDL Query made to DB:
ALTER TABLE `tabEmployee` MODIFY `custom_team_lead_review` decimal(21,9) not null default 0, MODIFY `custom_overall_review` decimal(21,9) not null default 0, MODIFY `custom_management_review` decimal(21,9) not null default 0, MODIFY `custom_project_manager_review` decimal(21,9) not null default 0, MODIFY `ctc` decimal(21,9) not null default 0
2024-08-23 15:57:58,190 WARNING database DDL Query made to DB:
ALTER TABLE `tabEmployee` MODIFY `custom_management_review` decimal(21,9) not null default 0, MODIFY `custom_overall_review` decimal(21,9) not null default 0, MODIFY `custom_team_lead_review` decimal(21,9) not null default 0, MODIFY `custom_project_manager_review` decimal(21,9) not null default 0, MODIFY `ctc` decimal(21,9) not null default 0
2024-08-23 15:59:10,192 WARNING database DDL Query made to DB:
ALTER TABLE `tabEmployee` MODIFY `custom_overall_review` decimal(21,9) not null default 0, MODIFY `custom_management_review` decimal(21,9) not null default 0, MODIFY `custom_team_lead_review` decimal(21,9) not null default 0, MODIFY `custom_project_manager_review` decimal(21,9) not null default 0, MODIFY `ctc` decimal(21,9) not null default 0
2024-08-26 10:09:25,677 WARNING database DDL Query made to DB:
ALTER TABLE `tabEmployee` MODIFY `custom_project_manager_review` decimal(21,9) not null default 0, MODIFY `custom_management_review` decimal(21,9) not null default 0, MODIFY `custom_team_lead_review` decimal(21,9) not null default 0, MODIFY `ctc` decimal(21,9) not null default 0, MODIFY `custom_overall_review` decimal(21,9) not null default 0
2024-08-26 10:29:20,242 WARNING database DDL Query made to DB:
ALTER TABLE `tabEmployee` MODIFY `custom_overall_review` decimal(21,9) not null default 0, MODIFY `custom_project_manager_review` decimal(21,9) not null default 0, MODIFY `custom_management_review` decimal(21,9) not null default 0, MODIFY `ctc` decimal(21,9) not null default 0, MODIFY `custom_team_lead_review` decimal(21,9) not null default 0
2024-08-26 13:00:14,027 WARNING database DDL Query made to DB:
ALTER TABLE `tabEmployee` MODIFY `custom_team_lead_review` decimal(21,9) not null default 0, MODIFY `ctc` decimal(21,9) not null default 0, MODIFY `custom_project_manager_review` decimal(21,9) not null default 0, MODIFY `custom_management_review` decimal(21,9) not null default 0, MODIFY `custom_overall_review` decimal(21,9) not null default 0
2024-08-26 13:00:27,091 WARNING database DDL Query made to DB:
ALTER TABLE `tabEmployee` MODIFY `custom_project_manager_review` decimal(21,9) not null default 0, MODIFY `custom_team_lead_review` decimal(21,9) not null default 0, MODIFY `custom_management_review` decimal(21,9) not null default 0, MODIFY `ctc` decimal(21,9) not null default 0, MODIFY `custom_overall_review` decimal(21,9) not null default 0
2024-08-26 13:00:36,828 WARNING database DDL Query made to DB:
ALTER TABLE `tabEmployee` MODIFY `ctc` decimal(21,9) not null default 0, MODIFY `custom_project_manager_review` decimal(21,9) not null default 0, MODIFY `custom_management_review` decimal(21,9) not null default 0, MODIFY `custom_overall_review` decimal(21,9) not null default 0, MODIFY `custom_team_lead_review` decimal(21,9) not null default 0
2024-09-05 10:10:32,571 WARNING database DDL Query made to DB:
create table `tabPO and Bench Period Details` (
			name varchar(140) primary key,
			creation datetime(6),
			modified datetime(6),
			modified_by varchar(140),
			owner varchar(140),
			docstatus int(1) not null default '0',
			idx int(8) not null default '0',
			parent varchar(140),
parentfield varchar(140),
parenttype varchar(140),
index parent(parent))
			ENGINE=InnoDB
			ROW_FORMAT=DYNAMIC
			CHARACTER SET=utf8mb4
			COLLATE=utf8mb4_unicode_ci
2024-09-05 10:14:23,577 WARNING database DDL Query made to DB:
alter table `tabPO and Bench Period Details` add column if not exists parent varchar(140)
2024-09-05 10:14:23,579 WARNING database DDL Query made to DB:
alter table `tabPO and Bench Period Details` add column if not exists parenttype varchar(140)
2024-09-05 10:14:23,579 WARNING database DDL Query made to DB:
alter table `tabPO and Bench Period Details` add column if not exists parentfield varchar(140)
2024-09-05 10:14:23,747 WARNING database DDL Query made to DB:
ALTER TABLE `tabPO and Bench Period Details` ADD COLUMN `po_number` varchar(140), ADD COLUMN `start_date` date, ADD COLUMN `end_date` date, ADD COLUMN `pobench` varchar(140), ADD COLUMN `months` varchar(140)
2024-09-07 15:32:26,264 WARNING database DDL Query made to DB:
ALTER TABLE `tabEmployee` MODIFY `ctc` decimal(21,9) not null default 0, MODIFY `custom_project_manager_review` decimal(21,9) not null default 0, MODIFY `custom_overall_review` decimal(21,9) not null default 0, MODIFY `custom_management_review` decimal(21,9) not null default 0, MODIFY `custom_team_lead_review` decimal(21,9) not null default 0
2024-09-07 15:32:44,224 WARNING database DDL Query made to DB:
ALTER TABLE `tabEmployee` MODIFY `custom_overall_review` decimal(21,9) not null default 0, MODIFY `custom_management_review` decimal(21,9) not null default 0, MODIFY `custom_team_lead_review` decimal(21,9) not null default 0, MODIFY `ctc` decimal(21,9) not null default 0, MODIFY `custom_project_manager_review` decimal(21,9) not null default 0
2024-09-08 21:56:26,555 WARNING database DDL Query made to DB:
ALTER TABLE `tabEmployee` MODIFY `custom_team_lead_review` decimal(21,9) not null default 0, MODIFY `ctc` decimal(21,9) not null default 0, MODIFY `custom_management_review` decimal(21,9) not null default 0, MODIFY `custom_overall_review` decimal(21,9) not null default 0, MODIFY `custom_project_manager_review` decimal(21,9) not null default 0
2024-09-08 21:56:26,913 WARNING database DDL Query made to DB:
ALTER TABLE `tabEmployee` ADD COLUMN `custom_laptop_code` varchar(140)
2024-09-08 21:56:26,933 WARNING database DDL Query made to DB:
ALTER TABLE `tabEmployee` MODIFY `custom_project_manager_review` decimal(21,9) not null default 0, MODIFY `ctc` decimal(21,9) not null default 0, MODIFY `custom_management_review` decimal(21,9) not null default 0, MODIFY `custom_team_lead_review` decimal(21,9) not null default 0, MODIFY `custom_overall_review` decimal(21,9) not null default 0
2024-09-08 21:56:27,282 WARNING database DDL Query made to DB:
ALTER TABLE `tabEmployee` ADD COLUMN `custom_id_card` varchar(140)
2024-09-08 21:56:27,310 WARNING database DDL Query made to DB:
ALTER TABLE `tabEmployee` MODIFY `custom_team_lead_review` decimal(21,9) not null default 0, MODIFY `custom_project_manager_review` decimal(21,9) not null default 0, MODIFY `custom_overall_review` decimal(21,9) not null default 0, MODIFY `ctc` decimal(21,9) not null default 0, MODIFY `custom_management_review` decimal(21,9) not null default 0
2024-09-08 21:56:27,702 WARNING database DDL Query made to DB:
ALTER TABLE `tabEmployee` ADD COLUMN `custom_mac_book` varchar(140)
2024-09-08 21:56:27,723 WARNING database DDL Query made to DB:
ALTER TABLE `tabEmployee` MODIFY `custom_overall_review` decimal(21,9) not null default 0, MODIFY `custom_project_manager_review` decimal(21,9) not null default 0, MODIFY `ctc` decimal(21,9) not null default 0, MODIFY `custom_management_review` decimal(21,9) not null default 0, MODIFY `custom_team_lead_review` decimal(21,9) not null default 0
2024-09-08 21:56:30,980 WARNING database DDL Query made to DB:
ALTER TABLE `tabEmployee` MODIFY `custom_management_review` decimal(21,9) not null default 0, MODIFY `custom_team_lead_review` decimal(21,9) not null default 0, MODIFY `custom_overall_review` decimal(21,9) not null default 0, MODIFY `ctc` decimal(21,9) not null default 0, MODIFY `custom_project_manager_review` decimal(21,9) not null default 0
2024-09-08 21:56:40,368 WARNING database DDL Query made to DB:
ALTER TABLE `tabEmployee` MODIFY `custom_management_review` decimal(21,9) not null default 0, MODIFY `custom_team_lead_review` decimal(21,9) not null default 0, MODIFY `ctc` decimal(21,9) not null default 0, MODIFY `custom_project_manager_review` decimal(21,9) not null default 0, MODIFY `custom_overall_review` decimal(21,9) not null default 0
2024-09-08 21:57:43,685 WARNING database DDL Query made to DB:
ALTER TABLE `tabEmployee` MODIFY `custom_overall_review` decimal(21,9) not null default 0, MODIFY `custom_team_lead_review` decimal(21,9) not null default 0, MODIFY `ctc` decimal(21,9) not null default 0, MODIFY `custom_project_manager_review` decimal(21,9) not null default 0, MODIFY `custom_management_review` decimal(21,9) not null default 0
2024-09-08 21:58:32,718 WARNING database DDL Query made to DB:
ALTER TABLE `tabEmployee` MODIFY `ctc` decimal(21,9) not null default 0, MODIFY `custom_overall_review` decimal(21,9) not null default 0, MODIFY `custom_project_manager_review` decimal(21,9) not null default 0, MODIFY `custom_team_lead_review` decimal(21,9) not null default 0, MODIFY `custom_management_review` decimal(21,9) not null default 0
2024-09-08 21:58:33,083 WARNING database DDL Query made to DB:
ALTER TABLE `tabEmployee` MODIFY `custom_project_manager_review` decimal(21,9) not null default 0, MODIFY `custom_management_review` decimal(21,9) not null default 0, MODIFY `custom_overall_review` decimal(21,9) not null default 0, MODIFY `ctc` decimal(21,9) not null default 0, MODIFY `custom_team_lead_review` decimal(21,9) not null default 0
2024-09-08 21:58:33,798 WARNING database DDL Query made to DB:
ALTER TABLE `tabEmployee` MODIFY `custom_management_review` decimal(21,9) not null default 0, MODIFY `custom_project_manager_review` decimal(21,9) not null default 0, MODIFY `custom_team_lead_review` decimal(21,9) not null default 0, MODIFY `custom_overall_review` decimal(21,9) not null default 0, MODIFY `ctc` decimal(21,9) not null default 0
2024-09-08 21:58:43,283 WARNING database DDL Query made to DB:
ALTER TABLE `tabEmployee` MODIFY `custom_overall_review` decimal(21,9) not null default 0, MODIFY `ctc` decimal(21,9) not null default 0, MODIFY `custom_management_review` decimal(21,9) not null default 0, MODIFY `custom_project_manager_review` decimal(21,9) not null default 0, MODIFY `custom_team_lead_review` decimal(21,9) not null default 0
2024-09-09 11:13:05,947 WARNING database DDL Query made to DB:
alter table `tabPO and Bench Period Details` add column if not exists parent varchar(140)
2024-09-09 11:13:05,951 WARNING database DDL Query made to DB:
alter table `tabPO and Bench Period Details` add column if not exists parenttype varchar(140)
2024-09-09 11:13:05,953 WARNING database DDL Query made to DB:
alter table `tabPO and Bench Period Details` add column if not exists parentfield varchar(140)
2024-09-09 11:13:06,030 WARNING database DDL Query made to DB:
ALTER TABLE `tabPO and Bench Period Details` ADD COLUMN `billable_status` varchar(140)
2024-09-09 11:14:41,481 WARNING database DDL Query made to DB:
ALTER TABLE `tabEmployee` MODIFY `custom_project_manager_review` decimal(21,9) not null default 0, MODIFY `custom_team_lead_review` decimal(21,9) not null default 0, MODIFY `ctc` decimal(21,9) not null default 0, MODIFY `custom_management_review` decimal(21,9) not null default 0, MODIFY `custom_overall_review` decimal(21,9) not null default 0
2024-09-09 11:16:52,748 WARNING database DDL Query made to DB:
ALTER TABLE `tabEmployee` MODIFY `custom_management_review` decimal(21,9) not null default 0, MODIFY `custom_project_manager_review` decimal(21,9) not null default 0, MODIFY `ctc` decimal(21,9) not null default 0, MODIFY `custom_overall_review` decimal(21,9) not null default 0, MODIFY `custom_team_lead_review` decimal(21,9) not null default 0
2024-09-09 11:23:09,354 WARNING database DDL Query made to DB:
ALTER TABLE `tabEmployee` MODIFY `custom_management_review` decimal(21,9) not null default 0, MODIFY `custom_team_lead_review` decimal(21,9) not null default 0, MODIFY `ctc` decimal(21,9) not null default 0, MODIFY `custom_overall_review` decimal(21,9) not null default 0, MODIFY `custom_project_manager_review` decimal(21,9) not null default 0
2024-09-09 11:23:11,738 WARNING database DDL Query made to DB:
ALTER TABLE `tabEmployee` MODIFY `custom_team_lead_review` decimal(21,9) not null default 0, MODIFY `custom_overall_review` decimal(21,9) not null default 0, MODIFY `custom_project_manager_review` decimal(21,9) not null default 0, MODIFY `custom_management_review` decimal(21,9) not null default 0, MODIFY `ctc` decimal(21,9) not null default 0
2024-09-09 14:57:09,377 WARNING database DDL Query made to DB:
alter table `tabPO and Bench Period Details` add column if not exists parent varchar(140)
2024-09-09 14:57:09,378 WARNING database DDL Query made to DB:
alter table `tabPO and Bench Period Details` add column if not exists parenttype varchar(140)
2024-09-09 14:57:09,378 WARNING database DDL Query made to DB:
alter table `tabPO and Bench Period Details` add column if not exists parentfield varchar(140)
2024-09-20 16:27:56,293 WARNING database DDL Query made to DB:
create table `tabLaptop Details` (
			name varchar(140) primary key,
			creation datetime(6),
			modified datetime(6),
			modified_by varchar(140),
			owner varchar(140),
			docstatus int(1) not null default '0',
			idx int(8) not null default '0',
			parent varchar(140),
parentfield varchar(140),
parenttype varchar(140),
index parent(parent))
			ENGINE=InnoDB
			ROW_FORMAT=DYNAMIC
			CHARACTER SET=utf8mb4
			COLLATE=utf8mb4_unicode_ci
2024-09-20 16:36:20,901 WARNING database DDL Query made to DB:
alter table `tabLaptop Details` add column if not exists parent varchar(140)
2024-09-20 16:36:20,904 WARNING database DDL Query made to DB:
alter table `tabLaptop Details` add column if not exists parenttype varchar(140)
2024-09-20 16:36:20,905 WARNING database DDL Query made to DB:
alter table `tabLaptop Details` add column if not exists parentfield varchar(140)
2024-09-20 16:36:21,018 WARNING database DDL Query made to DB:
ALTER TABLE `tabLaptop Details` ADD COLUMN `asset_code` varchar(140), ADD COLUMN `asset_type` varchar(140), ADD COLUMN `purchase_date` varchar(140), ADD COLUMN `purchase_price` varchar(140), ADD COLUMN `invoice_number` varchar(140), ADD COLUMN `manufacture` varchar(140), ADD COLUMN `laptop_model` varchar(140), ADD COLUMN `color` varchar(140), ADD COLUMN `serial_number` varchar(140), ADD COLUMN `ram` varchar(140), ADD COLUMN `hard_disk_storage` varchar(140), ADD COLUMN `processor` varchar(140), ADD COLUMN `current_owner` varchar(140), ADD COLUMN `previous_owner` varchar(140), ADD COLUMN `issue_date` varchar(140), ADD COLUMN `remarks` varchar(140), ADD COLUMN `status` varchar(140)
2024-09-20 16:39:54,734 WARNING database DDL Query made to DB:
ALTER TABLE `tabEmployee` MODIFY `ctc` decimal(21,9) not null default 0, MODIFY `custom_project_manager_review` decimal(21,9) not null default 0, MODIFY `custom_team_lead_review` decimal(21,9) not null default 0, MODIFY `custom_management_review` decimal(21,9) not null default 0, MODIFY `custom_overall_review` decimal(21,9) not null default 0
2024-09-20 16:41:23,581 WARNING database DDL Query made to DB:
ALTER TABLE `tabEmployee` MODIFY `custom_team_lead_review` decimal(21,9) not null default 0, MODIFY `ctc` decimal(21,9) not null default 0, MODIFY `custom_management_review` decimal(21,9) not null default 0, MODIFY `custom_overall_review` decimal(21,9) not null default 0, MODIFY `custom_project_manager_review` decimal(21,9) not null default 0
2024-09-20 16:41:23,734 WARNING database DDL Query made to DB:
ALTER TABLE `tabEmployee` MODIFY `ctc` decimal(21,9) not null default 0, MODIFY `custom_management_review` decimal(21,9) not null default 0, MODIFY `custom_project_manager_review` decimal(21,9) not null default 0, MODIFY `custom_team_lead_review` decimal(21,9) not null default 0, MODIFY `custom_overall_review` decimal(21,9) not null default 0
2024-09-20 16:41:24,763 WARNING database DDL Query made to DB:
ALTER TABLE `tabEmployee` MODIFY `custom_management_review` decimal(21,9) not null default 0, MODIFY `custom_project_manager_review` decimal(21,9) not null default 0, MODIFY `custom_overall_review` decimal(21,9) not null default 0, MODIFY `custom_team_lead_review` decimal(21,9) not null default 0, MODIFY `ctc` decimal(21,9) not null default 0
2024-09-20 16:41:35,756 WARNING database DDL Query made to DB:
ALTER TABLE `tabEmployee` MODIFY `custom_overall_review` decimal(21,9) not null default 0, MODIFY `ctc` decimal(21,9) not null default 0, MODIFY `custom_management_review` decimal(21,9) not null default 0, MODIFY `custom_team_lead_review` decimal(21,9) not null default 0, MODIFY `custom_project_manager_review` decimal(21,9) not null default 0
2024-09-20 16:49:55,564 WARNING database DDL Query made to DB:
ALTER TABLE `tabEmployee` MODIFY `custom_management_review` decimal(21,9) not null default 0, MODIFY `custom_overall_review` decimal(21,9) not null default 0, MODIFY `ctc` decimal(21,9) not null default 0, MODIFY `custom_project_manager_review` decimal(21,9) not null default 0, MODIFY `custom_team_lead_review` decimal(21,9) not null default 0
2024-09-20 16:52:19,377 WARNING database DDL Query made to DB:
alter table `tabLaptop Details` add column if not exists parent varchar(140)
2024-09-20 16:52:19,378 WARNING database DDL Query made to DB:
alter table `tabLaptop Details` add column if not exists parenttype varchar(140)
2024-09-20 16:52:19,379 WARNING database DDL Query made to DB:
alter table `tabLaptop Details` add column if not exists parentfield varchar(140)
2024-09-24 10:55:28,024 WARNING database DDL Query made to DB:
ALTER TABLE `tabEmployee` MODIFY `custom_project_manager_review` decimal(21,9) not null default 0, MODIFY `custom_team_lead_review` decimal(21,9) not null default 0, MODIFY `custom_overall_review` decimal(21,9) not null default 0, MODIFY `ctc` decimal(21,9) not null default 0, MODIFY `custom_management_review` decimal(21,9) not null default 0
2024-09-24 10:55:31,782 WARNING database DDL Query made to DB:
ALTER TABLE `tabEmployee` MODIFY `custom_team_lead_review` decimal(21,9) not null default 0, MODIFY `custom_overall_review` decimal(21,9) not null default 0, MODIFY `custom_management_review` decimal(21,9) not null default 0, MODIFY `custom_project_manager_review` decimal(21,9) not null default 0, MODIFY `ctc` decimal(21,9) not null default 0
2024-09-24 17:25:18,386 WARNING database DDL Query made to DB:
alter table `tabLaptop Details` add column if not exists parent varchar(140)
2024-09-24 17:25:18,406 WARNING database DDL Query made to DB:
alter table `tabLaptop Details` add column if not exists parenttype varchar(140)
2024-09-24 17:25:18,407 WARNING database DDL Query made to DB:
alter table `tabLaptop Details` add column if not exists parentfield varchar(140)
2024-09-24 17:25:18,860 WARNING database DDL Query made to DB:
ALTER TABLE `tabLaptop Details` MODIFY `issue_date` date, MODIFY `purchase_date` date
2024-10-03 16:33:46,456 WARNING database DDL Query made to DB:
ALTER TABLE `tabEmployee` MODIFY `custom_project_manager_review` decimal(21,9) not null default 0, MODIFY `custom_management_review` decimal(21,9) not null default 0, MODIFY `ctc` decimal(21,9) not null default 0, MODIFY `custom_team_lead_review` decimal(21,9) not null default 0, MODIFY `custom_overall_review` decimal(21,9) not null default 0
2024-10-03 17:03:31,220 WARNING database DDL Query made to DB:
ALTER TABLE `tabEmployee` MODIFY `custom_management_review` decimal(21,9) not null default 0, MODIFY `custom_team_lead_review` decimal(21,9) not null default 0, MODIFY `custom_project_manager_review` decimal(21,9) not null default 0, MODIFY `ctc` decimal(21,9) not null default 0, MODIFY `custom_overall_review` decimal(21,9) not null default 0
2024-10-03 21:23:21,817 WARNING database DDL Query made to DB:
ALTER TABLE `tabEmployee` MODIFY `custom_team_lead_review` decimal(21,9) not null default 0, MODIFY `custom_project_manager_review` decimal(21,9) not null default 0, MODIFY `custom_management_review` decimal(21,9) not null default 0, MODIFY `ctc` decimal(21,9) not null default 0, MODIFY `custom_overall_review` decimal(21,9) not null default 0
2024-10-04 13:51:13,987 WARNING database DDL Query made to DB:
ALTER TABLE `tabEmployee` MODIFY `custom_management_review` decimal(21,9) not null default 0, MODIFY `custom_team_lead_review` decimal(21,9) not null default 0, MODIFY `custom_overall_review` decimal(21,9) not null default 0, MODIFY `ctc` decimal(21,9) not null default 0, MODIFY `custom_project_manager_review` decimal(21,9) not null default 0
2024-10-04 13:53:02,573 WARNING database DDL Query made to DB:
ALTER TABLE `tabEmployee` MODIFY `custom_team_lead_review` decimal(21,9) not null default 0, MODIFY `custom_management_review` decimal(21,9) not null default 0, MODIFY `custom_overall_review` decimal(21,9) not null default 0, MODIFY `ctc` decimal(21,9) not null default 0, MODIFY `custom_project_manager_review` decimal(21,9) not null default 0
2024-10-04 13:58:07,296 WARNING database DDL Query made to DB:
ALTER TABLE `tabEmployee` MODIFY `custom_management_review` decimal(21,9) not null default 0, MODIFY `custom_overall_review` decimal(21,9) not null default 0, MODIFY `custom_team_lead_review` decimal(21,9) not null default 0, MODIFY `custom_project_manager_review` decimal(21,9) not null default 0, MODIFY `ctc` decimal(21,9) not null default 0
2024-10-04 13:58:07,493 WARNING database DDL Query made to DB:
ALTER TABLE `tabEmployee` MODIFY `custom_project_manager_review` decimal(21,9) not null default 0, MODIFY `custom_overall_review` decimal(21,9) not null default 0, MODIFY `custom_team_lead_review` decimal(21,9) not null default 0, MODIFY `ctc` decimal(21,9) not null default 0, MODIFY `custom_management_review` decimal(21,9) not null default 0
