2024-08-07 13:36:31,798 ERROR scheduler Skipped queueing frappe.email.queue.flush because it was found in queue for hrmsdemo.com
2024-08-07 14:52:45,035 ERROR scheduler Skipped queueing frappe.email.queue.flush because it was found in queue for hrmsdemo.com
2024-08-07 14:53:45,187 ERROR scheduler Skipped queueing frappe.automation.doctype.reminder.reminder.send_reminders because it was found in queue for hrmsdemo.com
2024-08-07 14:53:45,188 ERROR scheduler Skipped queueing frappe.monitor.flush because it was found in queue for hrmsdemo.com
2024-08-07 16:40:57,555 ERROR scheduler Skipped queueing frappe.email.queue.flush because it was found in queue for hrmsdemo.com
2024-08-07 16:41:57,683 ERROR scheduler Skipped queueing frappe.email.queue.flush because it was found in queue for hrmsdemo.com
2024-08-08 16:02:23,914 ERROR scheduler Skipped queueing erpnext.utilities.bulk_transaction.retry because it was found in queue for hrmsdemo.com
2024-08-08 16:03:23,963 ERROR scheduler Skipped queueing erpnext.utilities.bulk_transaction.retry because it was found in queue for hrmsdemo.com
2024-08-08 16:03:23,964 ERROR scheduler Skipped queueing erpnext.stock.doctype.repost_item_valuation.repost_item_valuation.repost_entries because it was found in queue for hrmsdemo.com
2024-08-12 12:40:07,232 ERROR scheduler Skipped queueing frappe.email.queue.flush because it was found in queue for hrmsdemo.com
2024-08-12 12:41:07,379 ERROR scheduler Skipped queueing frappe.email.queue.flush because it was found in queue for hrmsdemo.com
2024-08-12 12:52:08,839 ERROR scheduler Skipped queueing frappe.email.queue.flush because it was found in queue for hrmsdemo.com
2024-08-12 12:53:08,974 ERROR scheduler Skipped queueing frappe.email.queue.flush because it was found in queue for hrmsdemo.com
2024-08-12 13:12:11,433 ERROR scheduler Skipped queueing frappe.email.queue.flush because it was found in queue for hrmsdemo.com
2024-08-12 13:13:11,553 ERROR scheduler Skipped queueing frappe.automation.doctype.reminder.reminder.send_reminders because it was found in queue for hrmsdemo.com
2024-08-12 13:13:11,554 ERROR scheduler Skipped queueing frappe.monitor.flush because it was found in queue for hrmsdemo.com
2024-08-13 08:59:43,204 ERROR scheduler Skipped queueing erpnext.selling.doctype.quotation.quotation.set_expired_status because it was found in queue for hrmsdemo.com
2024-08-13 08:59:43,316 ERROR scheduler Skipped queueing erpnext.crm.doctype.email_campaign.email_campaign.set_email_campaign_status because it was found in queue for hrmsdemo.com
2024-08-13 08:59:43,354 ERROR scheduler Skipped queueing erpnext.crm.doctype.email_campaign.email_campaign.send_email_to_leads_or_contacts because it was found in queue for hrmsdemo.com
2024-08-13 08:59:43,371 ERROR scheduler Skipped queueing erpnext.support.doctype.service_level_agreement.service_level_agreement.check_agreement_status because it was found in queue for hrmsdemo.com
2024-08-13 08:59:43,387 ERROR scheduler Skipped queueing erpnext.quality_management.doctype.quality_review.quality_review.review because it was found in queue for hrmsdemo.com
2024-08-13 08:59:43,391 ERROR scheduler Skipped queueing erpnext.projects.doctype.project.project.send_project_status_email_to_users because it was found in queue for hrmsdemo.com
2024-08-13 08:59:43,421 ERROR scheduler Skipped queueing erpnext.projects.doctype.project.project.update_project_sales_billing because it was found in queue for hrmsdemo.com
2024-08-13 08:59:43,439 ERROR scheduler Skipped queueing erpnext.crm.doctype.contract.contract.update_status_for_contracts because it was found in queue for hrmsdemo.com
2024-08-13 08:59:43,466 ERROR scheduler Skipped queueing erpnext.assets.doctype.asset.asset.make_post_gl_entry because it was found in queue for hrmsdemo.com
2024-08-13 08:59:43,486 ERROR scheduler Skipped queueing erpnext.assets.doctype.asset.asset.update_maintenance_status because it was found in queue for hrmsdemo.com
2024-08-13 08:59:43,528 ERROR scheduler Skipped queueing erpnext.setup.doctype.company.company.cache_companies_monthly_sales_history because it was found in queue for hrmsdemo.com
2024-08-13 08:59:43,547 ERROR scheduler Skipped queueing erpnext.buying.doctype.supplier_scorecard.supplier_scorecard.refresh_scorecards because it was found in queue for hrmsdemo.com
2024-08-13 08:59:43,551 ERROR scheduler Skipped queueing erpnext.stock.doctype.serial_no.serial_no.update_maintenance_status because it was found in queue for hrmsdemo.com
2024-08-13 08:59:43,596 ERROR scheduler Skipped queueing erpnext.projects.doctype.task.task.set_tasks_as_overdue because it was found in queue for hrmsdemo.com
2024-08-13 08:59:43,599 ERROR scheduler Skipped queueing erpnext.accounts.doctype.fiscal_year.fiscal_year.auto_create_fiscal_year because it was found in queue for hrmsdemo.com
2024-08-13 08:59:43,615 ERROR scheduler Skipped queueing erpnext.controllers.accounts_controller.update_invoice_status because it was found in queue for hrmsdemo.com
2024-08-13 08:59:43,631 ERROR scheduler Skipped queueing erpnext.crm.doctype.opportunity.opportunity.auto_close_opportunity because it was found in queue for hrmsdemo.com
2024-08-13 08:59:43,645 ERROR scheduler Skipped queueing erpnext.support.doctype.issue.issue.auto_close_tickets because it was found in queue for hrmsdemo.com
2024-08-13 08:59:43,661 ERROR scheduler Skipped queueing erpnext.projects.doctype.project.project.collect_project_status because it was found in queue for hrmsdemo.com
2024-08-13 08:59:43,664 ERROR scheduler Skipped queueing erpnext.projects.doctype.project.project.hourly_reminder because it was found in queue for hrmsdemo.com
2024-08-13 08:59:43,678 ERROR scheduler Skipped queueing erpnext.projects.doctype.project.project.project_status_update_reminder because it was found in queue for hrmsdemo.com
2024-08-13 08:59:43,696 ERROR scheduler Skipped queueing erpnext.erpnext_integrations.doctype.plaid_settings.plaid_settings.automatic_synchronization because it was found in queue for hrmsdemo.com
2024-08-13 08:59:43,711 ERROR scheduler Skipped queueing erpnext.utilities.doctype.video.video.update_youtube_data because it was found in queue for hrmsdemo.com
2024-08-13 08:59:43,728 ERROR scheduler Skipped queueing erpnext.stock.reorder_item.reorder_item because it was found in queue for hrmsdemo.com
2024-08-13 08:59:43,730 ERROR scheduler Skipped queueing erpnext.accounts.doctype.gl_entry.gl_entry.rename_gle_sle_docs because it was found in queue for hrmsdemo.com
2024-08-13 08:59:43,746 ERROR scheduler Skipped queueing erpnext.accounts.doctype.process_payment_reconciliation.process_payment_reconciliation.trigger_reconciliation_for_queued_docs because it was found in queue for hrmsdemo.com
2024-08-13 08:59:43,753 ERROR scheduler Skipped queueing erpnext.manufacturing.doctype.bom_update_log.bom_update_log.resume_bom_cost_update_jobs because it was found in queue for hrmsdemo.com
2024-08-13 08:59:43,782 ERROR scheduler Skipped queueing frappe.email.doctype.auto_email_report.auto_email_report.send_daily because it was found in queue for hrmsdemo.com
2024-08-13 08:59:43,785 ERROR scheduler Skipped queueing frappe.integrations.doctype.s3_backup_settings.s3_backup_settings.take_backups_daily because it was found in queue for hrmsdemo.com
2024-08-13 08:59:43,800 ERROR scheduler Skipped queueing frappe.integrations.doctype.dropbox_settings.dropbox_settings.take_backups_daily because it was found in queue for hrmsdemo.com
2024-08-13 08:59:43,803 ERROR scheduler Skipped queueing frappe.automation.doctype.auto_repeat.auto_repeat.set_auto_repeat_as_completed because it was found in queue for hrmsdemo.com
2024-08-13 08:59:43,815 ERROR scheduler Skipped queueing frappe.automation.doctype.auto_repeat.auto_repeat.make_auto_repeat_entry because it was found in queue for hrmsdemo.com
2024-08-13 08:59:43,818 ERROR scheduler Skipped queueing frappe.integrations.doctype.google_contacts.google_contacts.sync because it was found in queue for hrmsdemo.com
2024-08-13 08:59:43,821 ERROR scheduler Skipped queueing frappe.social.doctype.energy_point_settings.energy_point_settings.allocate_review_points because it was found in queue for hrmsdemo.com
2024-08-13 08:59:43,830 ERROR scheduler Skipped queueing frappe.desk.form.document_follow.send_daily_updates because it was found in queue for hrmsdemo.com
2024-08-13 08:59:43,835 ERROR scheduler Skipped queueing frappe.website.doctype.personal_data_deletion_request.personal_data_deletion_request.remove_unverified_record because it was found in queue for hrmsdemo.com
2024-08-13 08:59:43,838 ERROR scheduler Skipped queueing frappe.email.doctype.notification.notification.trigger_daily_alerts because it was found in queue for hrmsdemo.com
2024-08-13 08:59:43,852 ERROR scheduler Skipped queueing frappe.sessions.clear_expired_sessions because it was found in queue for hrmsdemo.com
2024-08-13 08:59:43,855 ERROR scheduler Skipped queueing frappe.desk.doctype.event.event.send_event_digest because it was found in queue for hrmsdemo.com
2024-08-13 08:59:43,857 ERROR scheduler Skipped queueing frappe.desk.notifications.clear_notifications because it was found in queue for hrmsdemo.com
2024-08-13 08:59:43,872 ERROR scheduler Skipped queueing frappe.website.doctype.personal_data_deletion_request.personal_data_deletion_request.process_data_deletion_request because it was found in queue for hrmsdemo.com
2024-08-13 08:59:43,875 ERROR scheduler Skipped queueing frappe.email.doctype.newsletter.newsletter.send_scheduled_email because it was found in queue for hrmsdemo.com
2024-08-13 08:59:43,920 ERROR scheduler Skipped queueing frappe.integrations.doctype.google_calendar.google_calendar.sync because it was found in queue for hrmsdemo.com
2024-08-13 08:59:43,924 ERROR scheduler Skipped queueing frappe.desk.form.document_follow.send_hourly_updates because it was found in queue for hrmsdemo.com
2024-08-13 08:59:43,969 ERROR scheduler Skipped queueing frappe.desk.page.backups.backups.delete_downloadable_backups because it was found in queue for hrmsdemo.com
2024-08-13 08:59:43,986 ERROR scheduler Skipped queueing frappe.model.utils.user_settings.sync_user_settings because it was found in queue for hrmsdemo.com
2024-08-13 08:59:44,003 ERROR scheduler Skipped queueing frappe.model.utils.link_count.update_link_count because it was found in queue for hrmsdemo.com
2024-08-13 08:59:44,016 ERROR scheduler Skipped queueing frappe.automation.doctype.reminder.reminder.send_reminders because it was found in queue for hrmsdemo.com
2024-08-13 08:59:44,033 ERROR scheduler Skipped queueing frappe.monitor.flush because it was found in queue for hrmsdemo.com
2024-08-13 08:59:44,048 ERROR scheduler Skipped queueing frappe.email.queue.flush because it was found in queue for hrmsdemo.com
2024-08-13 08:59:44,064 ERROR scheduler Skipped queueing frappe.core.doctype.log_settings.log_settings.run_log_clean_up because it was found in queue for hrmsdemo.com
2024-08-13 08:59:44,079 ERROR scheduler Skipped queueing frappe.core.doctype.prepared_report.prepared_report.expire_stalled_report because it was found in queue for hrmsdemo.com
2024-08-13 08:59:44,094 ERROR scheduler Skipped queueing frappe.email.doctype.email_account.email_account.pull because it was found in queue for hrmsdemo.com
2024-08-13 08:59:44,104 ERROR scheduler Skipped queueing frappe.deferred_insert.save_to_db because it was found in queue for hrmsdemo.com
2024-08-13 08:59:44,118 ERROR scheduler Skipped queueing frappe.utils.global_search.sync_global_search because it was found in queue for hrmsdemo.com
2024-08-13 08:59:44,133 ERROR scheduler Skipped queueing frappe.email.doctype.email_account.email_account.notify_unreplied because it was found in queue for hrmsdemo.com
2024-08-13 08:59:44,149 ERROR scheduler Skipped queueing frappe.twofactor.delete_all_barcodes_for_users because it was found in queue for hrmsdemo.com
2024-08-13 08:59:44,164 ERROR scheduler Skipped queueing frappe.website.doctype.web_page.web_page.check_publish_status because it was found in queue for hrmsdemo.com
2024-08-13 08:59:44,169 ERROR scheduler Skipped queueing frappe.oauth.delete_oauth2_data because it was found in queue for hrmsdemo.com
2024-08-13 09:00:44,544 ERROR scheduler Skipped queueing erpnext.controllers.accounts_controller.update_invoice_status because it was found in queue for hrmsdemo.com
2024-08-13 09:00:44,547 ERROR scheduler Skipped queueing erpnext.support.doctype.issue.issue.auto_close_tickets because it was found in queue for hrmsdemo.com
2024-08-13 09:00:44,576 ERROR scheduler Skipped queueing erpnext.projects.doctype.project.project.collect_project_status because it was found in queue for hrmsdemo.com
2024-08-13 09:00:44,584 ERROR scheduler Skipped queueing erpnext.projects.doctype.project.project.hourly_reminder because it was found in queue for hrmsdemo.com
2024-08-13 09:00:44,586 ERROR scheduler Skipped queueing erpnext.projects.doctype.project.project.project_status_update_reminder because it was found in queue for hrmsdemo.com
2024-08-13 09:00:44,588 ERROR scheduler Skipped queueing erpnext.erpnext_integrations.doctype.plaid_settings.plaid_settings.automatic_synchronization because it was found in queue for hrmsdemo.com
2024-08-13 09:00:44,601 ERROR scheduler Skipped queueing erpnext.utilities.doctype.video.video.update_youtube_data because it was found in queue for hrmsdemo.com
2024-08-13 09:00:44,603 ERROR scheduler Skipped queueing erpnext.stock.reorder_item.reorder_item because it was found in queue for hrmsdemo.com
2024-08-13 09:00:44,605 ERROR scheduler Skipped queueing erpnext.accounts.doctype.gl_entry.gl_entry.rename_gle_sle_docs because it was found in queue for hrmsdemo.com
2024-08-13 09:00:44,618 ERROR scheduler Skipped queueing erpnext.accounts.doctype.process_payment_reconciliation.process_payment_reconciliation.trigger_reconciliation_for_queued_docs because it was found in queue for hrmsdemo.com
2024-08-13 09:00:44,633 ERROR scheduler Skipped queueing erpnext.manufacturing.doctype.bom_update_log.bom_update_log.resume_bom_cost_update_jobs because it was found in queue for hrmsdemo.com
2024-08-13 09:00:44,666 ERROR scheduler Skipped queueing frappe.automation.doctype.auto_repeat.auto_repeat.set_auto_repeat_as_completed because it was found in queue for hrmsdemo.com
2024-08-13 09:00:44,669 ERROR scheduler Skipped queueing frappe.automation.doctype.auto_repeat.auto_repeat.make_auto_repeat_entry because it was found in queue for hrmsdemo.com
2024-08-13 09:00:44,672 ERROR scheduler Skipped queueing frappe.integrations.doctype.google_contacts.google_contacts.sync because it was found in queue for hrmsdemo.com
2024-08-13 09:00:44,688 ERROR scheduler Skipped queueing frappe.social.doctype.energy_point_settings.energy_point_settings.allocate_review_points because it was found in queue for hrmsdemo.com
2024-08-13 09:00:44,691 ERROR scheduler Skipped queueing frappe.desk.form.document_follow.send_daily_updates because it was found in queue for hrmsdemo.com
2024-08-13 09:00:44,693 ERROR scheduler Skipped queueing frappe.website.doctype.personal_data_deletion_request.personal_data_deletion_request.remove_unverified_record because it was found in queue for hrmsdemo.com
2024-08-13 09:00:44,703 ERROR scheduler Skipped queueing frappe.email.doctype.notification.notification.trigger_daily_alerts because it was found in queue for hrmsdemo.com
2024-08-13 09:00:44,705 ERROR scheduler Skipped queueing frappe.sessions.clear_expired_sessions because it was found in queue for hrmsdemo.com
2024-08-13 09:00:44,742 ERROR scheduler Skipped queueing frappe.desk.doctype.event.event.send_event_digest because it was found in queue for hrmsdemo.com
2024-08-13 09:00:44,765 ERROR scheduler Skipped queueing frappe.desk.notifications.clear_notifications because it was found in queue for hrmsdemo.com
2024-08-13 09:00:44,770 ERROR scheduler Skipped queueing frappe.website.doctype.personal_data_deletion_request.personal_data_deletion_request.process_data_deletion_request because it was found in queue for hrmsdemo.com
2024-08-13 09:00:44,787 ERROR scheduler Skipped queueing frappe.email.doctype.newsletter.newsletter.send_scheduled_email because it was found in queue for hrmsdemo.com
2024-08-13 09:00:44,817 ERROR scheduler Skipped queueing frappe.integrations.doctype.google_calendar.google_calendar.sync because it was found in queue for hrmsdemo.com
2024-08-13 09:00:44,834 ERROR scheduler Skipped queueing frappe.desk.form.document_follow.send_hourly_updates because it was found in queue for hrmsdemo.com
2024-08-13 09:00:44,838 ERROR scheduler Skipped queueing frappe.desk.page.backups.backups.delete_downloadable_backups because it was found in queue for hrmsdemo.com
2024-08-13 09:00:44,841 ERROR scheduler Skipped queueing frappe.model.utils.user_settings.sync_user_settings because it was found in queue for hrmsdemo.com
2024-08-13 09:00:44,843 ERROR scheduler Skipped queueing frappe.model.utils.link_count.update_link_count because it was found in queue for hrmsdemo.com
2024-08-13 09:00:44,857 ERROR scheduler Skipped queueing frappe.automation.doctype.reminder.reminder.send_reminders because it was found in queue for hrmsdemo.com
2024-08-13 09:00:44,860 ERROR scheduler Skipped queueing frappe.monitor.flush because it was found in queue for hrmsdemo.com
2024-08-13 09:00:44,874 ERROR scheduler Skipped queueing frappe.email.queue.flush because it was found in queue for hrmsdemo.com
2024-08-13 09:00:44,877 ERROR scheduler Skipped queueing frappe.core.doctype.log_settings.log_settings.run_log_clean_up because it was found in queue for hrmsdemo.com
2024-08-13 09:00:44,889 ERROR scheduler Skipped queueing frappe.core.doctype.prepared_report.prepared_report.expire_stalled_report because it was found in queue for hrmsdemo.com
2024-08-13 09:00:44,891 ERROR scheduler Skipped queueing frappe.email.doctype.email_account.email_account.pull because it was found in queue for hrmsdemo.com
2024-08-13 09:00:44,920 ERROR scheduler Skipped queueing frappe.deferred_insert.save_to_db because it was found in queue for hrmsdemo.com
2024-08-13 09:00:44,923 ERROR scheduler Skipped queueing frappe.utils.global_search.sync_global_search because it was found in queue for hrmsdemo.com
2024-08-13 09:00:44,925 ERROR scheduler Skipped queueing frappe.email.doctype.email_account.email_account.notify_unreplied because it was found in queue for hrmsdemo.com
2024-08-13 09:00:44,934 ERROR scheduler Skipped queueing frappe.twofactor.delete_all_barcodes_for_users because it was found in queue for hrmsdemo.com
2024-08-13 09:00:44,939 ERROR scheduler Skipped queueing frappe.website.doctype.web_page.web_page.check_publish_status because it was found in queue for hrmsdemo.com
2024-08-13 09:00:44,942 ERROR scheduler Skipped queueing frappe.oauth.delete_oauth2_data because it was found in queue for hrmsdemo.com
2024-08-13 13:53:29,217 ERROR scheduler Skipped queueing frappe.automation.doctype.reminder.reminder.send_reminders because it was found in queue for hrmsdemo.com
2024-08-13 13:53:29,238 ERROR scheduler Skipped queueing frappe.monitor.flush because it was found in queue for hrmsdemo.com
2024-08-13 13:53:29,241 ERROR scheduler Skipped queueing frappe.email.queue.flush because it was found in queue for hrmsdemo.com
2024-08-13 13:54:29,442 ERROR scheduler Skipped queueing frappe.automation.doctype.reminder.reminder.send_reminders because it was found in queue for hrmsdemo.com
2024-08-13 13:54:29,451 ERROR scheduler Skipped queueing frappe.monitor.flush because it was found in queue for hrmsdemo.com
2024-08-13 13:54:29,458 ERROR scheduler Skipped queueing frappe.email.queue.flush because it was found in queue for hrmsdemo.com
2024-08-14 09:35:11,816 ERROR scheduler Skipped queueing notify_employees_about_project_end_date_daily because it was found in queue for hrmsdemo.com
2024-08-14 09:35:12,400 ERROR scheduler Skipped queueing notify_employees_about_project_end_date_daily because it was found in queue for hrmsdemo.com
2024-08-14 09:35:12,431 ERROR scheduler Skipped queueing notify_employees_about_project_end_date_daily because it was found in queue for hrmsdemo.com
2024-08-20 08:58:56,464 ERROR scheduler Skipped queueing frappe.deferred_insert.save_to_db because it was found in queue for hrmsdemo.com
2024-08-20 08:58:56,473 ERROR scheduler Skipped queueing frappe.utils.global_search.sync_global_search because it was found in queue for hrmsdemo.com
2024-08-20 08:58:56,476 ERROR scheduler Skipped queueing frappe.email.doctype.email_account.email_account.notify_unreplied because it was found in queue for hrmsdemo.com
2024-08-20 08:58:56,480 ERROR scheduler Skipped queueing frappe.twofactor.delete_all_barcodes_for_users because it was found in queue for hrmsdemo.com
2024-08-20 08:58:56,483 ERROR scheduler Skipped queueing frappe.website.doctype.web_page.web_page.check_publish_status because it was found in queue for hrmsdemo.com
2024-08-20 08:58:56,485 ERROR scheduler Skipped queueing frappe.oauth.delete_oauth2_data because it was found in queue for hrmsdemo.com
2024-08-20 08:59:56,646 ERROR scheduler Skipped queueing frappe.deferred_insert.save_to_db because it was found in queue for hrmsdemo.com
2024-08-20 08:59:56,647 ERROR scheduler Skipped queueing frappe.utils.global_search.sync_global_search because it was found in queue for hrmsdemo.com
2024-08-20 08:59:56,649 ERROR scheduler Skipped queueing frappe.email.doctype.email_account.email_account.notify_unreplied because it was found in queue for hrmsdemo.com
2024-08-20 08:59:56,650 ERROR scheduler Skipped queueing frappe.twofactor.delete_all_barcodes_for_users because it was found in queue for hrmsdemo.com
2024-08-20 08:59:56,652 ERROR scheduler Skipped queueing frappe.website.doctype.web_page.web_page.check_publish_status because it was found in queue for hrmsdemo.com
2024-08-20 08:59:56,653 ERROR scheduler Skipped queueing frappe.oauth.delete_oauth2_data because it was found in queue for hrmsdemo.com
2024-08-20 09:00:56,844 ERROR scheduler Skipped queueing frappe.email.queue.flush because it was found in queue for hrmsdemo.com
2024-08-20 09:00:56,848 ERROR scheduler Skipped queueing frappe.deferred_insert.save_to_db because it was found in queue for hrmsdemo.com
2024-08-20 09:00:56,850 ERROR scheduler Skipped queueing frappe.utils.global_search.sync_global_search because it was found in queue for hrmsdemo.com
2024-08-20 09:00:56,851 ERROR scheduler Skipped queueing frappe.email.doctype.email_account.email_account.notify_unreplied because it was found in queue for hrmsdemo.com
2024-08-20 09:00:56,853 ERROR scheduler Skipped queueing frappe.twofactor.delete_all_barcodes_for_users because it was found in queue for hrmsdemo.com
2024-08-20 09:00:56,854 ERROR scheduler Skipped queueing frappe.website.doctype.web_page.web_page.check_publish_status because it was found in queue for hrmsdemo.com
2024-08-20 09:00:56,856 ERROR scheduler Skipped queueing frappe.oauth.delete_oauth2_data because it was found in queue for hrmsdemo.com
2024-08-20 09:01:56,998 ERROR scheduler Skipped queueing erpnext.projects.doctype.project.project.collect_project_status because it was found in queue for hrmsdemo.com
2024-08-20 09:01:57,000 ERROR scheduler Skipped queueing erpnext.projects.doctype.project.project.hourly_reminder because it was found in queue for hrmsdemo.com
2024-08-20 09:01:57,002 ERROR scheduler Skipped queueing erpnext.projects.doctype.project.project.project_status_update_reminder because it was found in queue for hrmsdemo.com
2024-08-20 09:01:57,004 ERROR scheduler Skipped queueing erpnext.erpnext_integrations.doctype.plaid_settings.plaid_settings.automatic_synchronization because it was found in queue for hrmsdemo.com
2024-08-20 09:01:57,006 ERROR scheduler Skipped queueing erpnext.utilities.doctype.video.video.update_youtube_data because it was found in queue for hrmsdemo.com
2024-08-20 09:01:57,008 ERROR scheduler Skipped queueing erpnext.accounts.doctype.process_payment_reconciliation.process_payment_reconciliation.trigger_reconciliation_for_queued_docs because it was found in queue for hrmsdemo.com
2024-08-20 09:01:57,010 ERROR scheduler Skipped queueing erpnext.manufacturing.doctype.bom_update_log.bom_update_log.resume_bom_cost_update_jobs because it was found in queue for hrmsdemo.com
2024-08-20 09:01:57,016 ERROR scheduler Skipped queueing frappe.website.doctype.personal_data_deletion_request.personal_data_deletion_request.process_data_deletion_request because it was found in queue for hrmsdemo.com
2024-08-20 09:01:57,018 ERROR scheduler Skipped queueing frappe.email.doctype.newsletter.newsletter.send_scheduled_email because it was found in queue for hrmsdemo.com
2024-08-20 09:01:57,020 ERROR scheduler Skipped queueing frappe.integrations.doctype.google_calendar.google_calendar.sync because it was found in queue for hrmsdemo.com
2024-08-20 09:01:57,021 ERROR scheduler Skipped queueing frappe.desk.form.document_follow.send_hourly_updates because it was found in queue for hrmsdemo.com
2024-08-20 09:01:57,023 ERROR scheduler Skipped queueing frappe.desk.page.backups.backups.delete_downloadable_backups because it was found in queue for hrmsdemo.com
2024-08-20 09:01:57,024 ERROR scheduler Skipped queueing frappe.model.utils.user_settings.sync_user_settings because it was found in queue for hrmsdemo.com
2024-08-20 09:01:57,026 ERROR scheduler Skipped queueing frappe.model.utils.link_count.update_link_count because it was found in queue for hrmsdemo.com
2024-08-20 09:01:57,027 ERROR scheduler Skipped queueing frappe.automation.doctype.reminder.reminder.send_reminders because it was found in queue for hrmsdemo.com
2024-08-20 09:01:57,029 ERROR scheduler Skipped queueing frappe.monitor.flush because it was found in queue for hrmsdemo.com
2024-08-20 09:01:57,030 ERROR scheduler Skipped queueing frappe.email.queue.flush because it was found in queue for hrmsdemo.com
2024-08-20 09:01:57,032 ERROR scheduler Skipped queueing frappe.email.doctype.email_account.email_account.pull because it was found in queue for hrmsdemo.com
2024-08-20 09:01:57,034 ERROR scheduler Skipped queueing frappe.deferred_insert.save_to_db because it was found in queue for hrmsdemo.com
2024-08-20 09:01:57,035 ERROR scheduler Skipped queueing frappe.utils.global_search.sync_global_search because it was found in queue for hrmsdemo.com
2024-08-20 09:01:57,037 ERROR scheduler Skipped queueing frappe.email.doctype.email_account.email_account.notify_unreplied because it was found in queue for hrmsdemo.com
2024-08-20 09:01:57,038 ERROR scheduler Skipped queueing frappe.twofactor.delete_all_barcodes_for_users because it was found in queue for hrmsdemo.com
2024-08-20 09:01:57,040 ERROR scheduler Skipped queueing frappe.website.doctype.web_page.web_page.check_publish_status because it was found in queue for hrmsdemo.com
2024-08-20 09:01:57,041 ERROR scheduler Skipped queueing frappe.oauth.delete_oauth2_data because it was found in queue for hrmsdemo.com
2024-08-20 09:02:57,140 ERROR scheduler Skipped queueing erpnext.stock.doctype.repost_item_valuation.repost_item_valuation.repost_entries because it was found in queue for hrmsdemo.com
2024-08-20 09:02:57,176 ERROR scheduler Skipped queueing erpnext.projects.doctype.project.project.collect_project_status because it was found in queue for hrmsdemo.com
2024-08-20 09:02:57,178 ERROR scheduler Skipped queueing erpnext.projects.doctype.project.project.hourly_reminder because it was found in queue for hrmsdemo.com
2024-08-20 09:02:57,180 ERROR scheduler Skipped queueing erpnext.projects.doctype.project.project.project_status_update_reminder because it was found in queue for hrmsdemo.com
2024-08-20 09:02:57,182 ERROR scheduler Skipped queueing erpnext.erpnext_integrations.doctype.plaid_settings.plaid_settings.automatic_synchronization because it was found in queue for hrmsdemo.com
2024-08-20 09:02:57,183 ERROR scheduler Skipped queueing erpnext.utilities.doctype.video.video.update_youtube_data because it was found in queue for hrmsdemo.com
2024-08-20 09:02:57,187 ERROR scheduler Skipped queueing erpnext.accounts.doctype.process_payment_reconciliation.process_payment_reconciliation.trigger_reconciliation_for_queued_docs because it was found in queue for hrmsdemo.com
2024-08-20 09:02:57,189 ERROR scheduler Skipped queueing erpnext.manufacturing.doctype.bom_update_log.bom_update_log.resume_bom_cost_update_jobs because it was found in queue for hrmsdemo.com
2024-08-20 09:02:57,197 ERROR scheduler Skipped queueing frappe.website.doctype.personal_data_deletion_request.personal_data_deletion_request.process_data_deletion_request because it was found in queue for hrmsdemo.com
2024-08-20 09:02:57,198 ERROR scheduler Skipped queueing frappe.email.doctype.newsletter.newsletter.send_scheduled_email because it was found in queue for hrmsdemo.com
2024-08-20 09:02:57,200 ERROR scheduler Skipped queueing frappe.integrations.doctype.google_calendar.google_calendar.sync because it was found in queue for hrmsdemo.com
2024-08-20 09:02:57,201 ERROR scheduler Skipped queueing frappe.desk.form.document_follow.send_hourly_updates because it was found in queue for hrmsdemo.com
2024-08-20 09:02:57,203 ERROR scheduler Skipped queueing frappe.desk.page.backups.backups.delete_downloadable_backups because it was found in queue for hrmsdemo.com
2024-08-20 09:02:57,204 ERROR scheduler Skipped queueing frappe.model.utils.user_settings.sync_user_settings because it was found in queue for hrmsdemo.com
2024-08-20 09:02:57,206 ERROR scheduler Skipped queueing frappe.model.utils.link_count.update_link_count because it was found in queue for hrmsdemo.com
2024-08-20 09:02:57,208 ERROR scheduler Skipped queueing frappe.automation.doctype.reminder.reminder.send_reminders because it was found in queue for hrmsdemo.com
2024-08-20 09:02:57,209 ERROR scheduler Skipped queueing frappe.monitor.flush because it was found in queue for hrmsdemo.com
2024-08-20 09:02:57,211 ERROR scheduler Skipped queueing frappe.email.queue.flush because it was found in queue for hrmsdemo.com
2024-08-20 09:02:57,213 ERROR scheduler Skipped queueing frappe.email.doctype.email_account.email_account.pull because it was found in queue for hrmsdemo.com
2024-08-20 09:02:57,214 ERROR scheduler Skipped queueing frappe.deferred_insert.save_to_db because it was found in queue for hrmsdemo.com
2024-08-20 09:02:57,215 ERROR scheduler Skipped queueing frappe.utils.global_search.sync_global_search because it was found in queue for hrmsdemo.com
2024-08-20 09:02:57,217 ERROR scheduler Skipped queueing frappe.email.doctype.email_account.email_account.notify_unreplied because it was found in queue for hrmsdemo.com
2024-08-20 09:02:57,218 ERROR scheduler Skipped queueing frappe.twofactor.delete_all_barcodes_for_users because it was found in queue for hrmsdemo.com
2024-08-20 09:02:57,219 ERROR scheduler Skipped queueing frappe.website.doctype.web_page.web_page.check_publish_status because it was found in queue for hrmsdemo.com
2024-08-20 09:02:57,220 ERROR scheduler Skipped queueing frappe.oauth.delete_oauth2_data because it was found in queue for hrmsdemo.com
2024-08-22 08:56:09,640 ERROR scheduler Skipped queueing frappe.email.queue.flush because it was found in queue for hrmsdemo.com
2024-08-22 08:57:09,774 ERROR scheduler Skipped queueing frappe.email.queue.flush because it was found in queue for hrmsdemo.com
2024-08-22 08:58:09,897 ERROR scheduler Skipped queueing frappe.email.queue.flush because it was found in queue for hrmsdemo.com
2024-08-22 08:59:10,022 ERROR scheduler Skipped queueing frappe.email.queue.flush because it was found in queue for hrmsdemo.com
2024-08-22 09:00:10,170 ERROR scheduler Skipped queueing frappe.email.queue.flush because it was found in queue for hrmsdemo.com
2024-08-22 09:03:10,563 ERROR scheduler Skipped queueing erpnext.stock.doctype.repost_item_valuation.repost_item_valuation.repost_entries because it was found in queue for hrmsdemo.com
2024-08-29 09:00:08,128 ERROR scheduler Skipped queueing frappe.email.queue.flush because it was found in queue for hrmsdemo.com
2024-08-29 09:01:08,341 ERROR scheduler Skipped queueing frappe.email.queue.flush because it was found in queue for hrmsdemo.com
2024-08-29 09:02:08,475 ERROR scheduler Skipped queueing frappe.email.queue.flush because it was found in queue for hrmsdemo.com
2024-08-29 09:03:08,535 ERROR scheduler Skipped queueing frappe.email.queue.flush because it was found in queue for hrmsdemo.com
2024-08-29 09:04:08,676 ERROR scheduler Skipped queueing frappe.email.queue.flush because it was found in queue for hrmsdemo.com
2024-08-29 09:08:09,091 ERROR scheduler Skipped queueing frappe.email.queue.flush because it was found in queue for hrmsdemo.com
2024-08-29 09:09:09,204 ERROR scheduler Skipped queueing frappe.email.queue.flush because it was found in queue for hrmsdemo.com
2024-08-29 09:10:09,228 ERROR scheduler Skipped queueing frappe.email.queue.flush because it was found in queue for hrmsdemo.com
2024-08-29 09:16:09,959 ERROR scheduler Skipped queueing frappe.email.queue.flush because it was found in queue for hrmsdemo.com
2024-08-29 10:08:55,857 ERROR scheduler Skipped queueing frappe.email.queue.flush because it was found in queue for hrmsdemo.com
2024-08-29 10:09:56,014 ERROR scheduler Skipped queueing frappe.email.queue.flush because it was found in queue for hrmsdemo.com
2024-08-29 10:10:56,177 ERROR scheduler Skipped queueing frappe.email.queue.flush because it was found in queue for hrmsdemo.com
2024-08-29 10:12:56,512 ERROR scheduler Skipped queueing frappe.email.queue.flush because it was found in queue for hrmsdemo.com
2024-08-29 10:13:56,634 ERROR scheduler Skipped queueing poremainder_cron because it was found in queue for hrmsdemo.com
2024-08-29 10:13:56,647 ERROR scheduler Skipped queueing frappe.automation.doctype.reminder.reminder.send_reminders because it was found in queue for hrmsdemo.com
2024-08-29 10:13:56,649 ERROR scheduler Skipped queueing frappe.monitor.flush because it was found in queue for hrmsdemo.com
2024-08-29 10:13:56,651 ERROR scheduler Skipped queueing frappe.email.queue.flush because it was found in queue for hrmsdemo.com
2024-08-29 10:14:56,786 ERROR scheduler Skipped queueing poremainder_cron because it was found in queue for hrmsdemo.com
2024-08-29 10:14:56,809 ERROR scheduler Skipped queueing frappe.automation.doctype.reminder.reminder.send_reminders because it was found in queue for hrmsdemo.com
2024-08-29 10:14:56,812 ERROR scheduler Skipped queueing frappe.monitor.flush because it was found in queue for hrmsdemo.com
2024-08-29 10:14:56,814 ERROR scheduler Skipped queueing frappe.email.queue.flush because it was found in queue for hrmsdemo.com
2024-08-29 10:15:56,948 ERROR scheduler Skipped queueing poremainder_cron because it was found in queue for hrmsdemo.com
2024-08-29 10:15:56,971 ERROR scheduler Skipped queueing frappe.automation.doctype.reminder.reminder.send_reminders because it was found in queue for hrmsdemo.com
2024-08-29 10:15:56,974 ERROR scheduler Skipped queueing frappe.monitor.flush because it was found in queue for hrmsdemo.com
2024-08-29 10:15:56,977 ERROR scheduler Skipped queueing frappe.email.queue.flush because it was found in queue for hrmsdemo.com
2024-08-29 10:44:47,782 ERROR scheduler Skipped queueing frappe.email.queue.flush because it was found in queue for hrmsdemo.com
2024-08-29 10:45:47,815 ERROR scheduler Skipped queueing frappe.email.queue.flush because it was found in queue for hrmsdemo.com
2024-08-30 09:34:59,436 ERROR scheduler Skipped queueing poremainder_cron because it was found in queue for hrmsdemo.com
2024-08-30 09:35:59,512 ERROR scheduler Skipped queueing poremainder_cron because it was found in queue for hrmsdemo.com
2024-08-30 09:36:59,636 ERROR scheduler Skipped queueing frappe.email.queue.flush because it was found in queue for hrmsdemo.com
2024-09-02 06:34:31,726 ERROR scheduler Skipped queueing frappe.integrations.doctype.google_drive.google_drive.weekly_backup because it was found in queue for hrmsdemo.com
2024-09-02 06:34:31,732 ERROR scheduler Skipped queueing frappe.social.doctype.energy_point_log.energy_point_log.send_weekly_summary because it was found in queue for hrmsdemo.com
2024-09-02 06:34:31,733 ERROR scheduler Skipped queueing frappe.utils.change_log.check_for_update because it was found in queue for hrmsdemo.com
2024-09-02 06:34:31,735 ERROR scheduler Skipped queueing frappe.desk.form.document_follow.send_weekly_updates because it was found in queue for hrmsdemo.com
2024-09-02 06:34:31,736 ERROR scheduler Skipped queueing frappe.integrations.doctype.s3_backup_settings.s3_backup_settings.take_backups_weekly because it was found in queue for hrmsdemo.com
2024-09-02 06:34:31,738 ERROR scheduler Skipped queueing frappe.integrations.doctype.dropbox_settings.dropbox_settings.take_backups_weekly because it was found in queue for hrmsdemo.com
2024-09-02 06:34:31,742 ERROR scheduler Skipped queueing frappe.integrations.doctype.google_drive.google_drive.daily_backup because it was found in queue for hrmsdemo.com
2024-09-02 06:34:31,744 ERROR scheduler Skipped queueing frappe.email.doctype.auto_email_report.auto_email_report.send_daily because it was found in queue for hrmsdemo.com
2024-09-02 06:34:31,746 ERROR scheduler Skipped queueing frappe.integrations.doctype.s3_backup_settings.s3_backup_settings.take_backups_daily because it was found in queue for hrmsdemo.com
2024-09-02 06:34:31,748 ERROR scheduler Skipped queueing frappe.integrations.doctype.dropbox_settings.dropbox_settings.take_backups_daily because it was found in queue for hrmsdemo.com
2024-09-02 06:34:31,756 ERROR scheduler Skipped queueing frappe.deferred_insert.save_to_db because it was found in queue for hrmsdemo.com
2024-09-02 06:34:31,758 ERROR scheduler Skipped queueing frappe.utils.global_search.sync_global_search because it was found in queue for hrmsdemo.com
2024-09-02 06:34:31,760 ERROR scheduler Skipped queueing frappe.email.doctype.email_account.email_account.notify_unreplied because it was found in queue for hrmsdemo.com
2024-09-02 06:34:31,762 ERROR scheduler Skipped queueing frappe.twofactor.delete_all_barcodes_for_users because it was found in queue for hrmsdemo.com
2024-09-02 06:34:31,764 ERROR scheduler Skipped queueing frappe.website.doctype.web_page.web_page.check_publish_status because it was found in queue for hrmsdemo.com
2024-09-02 06:34:31,765 ERROR scheduler Skipped queueing frappe.oauth.delete_oauth2_data because it was found in queue for hrmsdemo.com
2024-09-09 09:12:01,668 ERROR scheduler Skipped queueing frappe.email.queue.flush because it was found in queue for hrmsdemo.com
2024-09-10 11:00:57,200 ERROR scheduler Skipped queueing frappe.email.queue.flush because it was found in queue for hrmsdemo.com
2024-09-10 13:36:10,033 ERROR scheduler Skipped queueing frappe.email.queue.flush because it was found in queue for hrmsdemo.com
2024-09-10 13:37:10,183 ERROR scheduler Skipped queueing frappe.email.queue.flush because it was found in queue for hrmsdemo.com
2024-09-11 09:36:08,804 ERROR scheduler Skipped queueing frappe.email.queue.flush because it was found in queue for hrmsdemo.com
2024-09-11 09:37:08,900 ERROR scheduler Skipped queueing frappe.email.queue.flush because it was found in queue for hrmsdemo.com
2024-09-12 09:32:27,734 ERROR scheduler Skipped queueing frappe.email.queue.flush because it was found in queue for hrmsdemo.com
2024-09-12 09:33:27,864 ERROR scheduler Skipped queueing frappe.email.queue.flush because it was found in queue for hrmsdemo.com
2024-09-12 09:34:27,986 ERROR scheduler Skipped queueing frappe.email.queue.flush because it was found in queue for hrmsdemo.com
2024-09-12 09:35:28,108 ERROR scheduler Skipped queueing frappe.email.queue.flush because it was found in queue for hrmsdemo.com
2024-09-12 09:40:28,619 ERROR scheduler Skipped queueing frappe.email.queue.flush because it was found in queue for hrmsdemo.com
2024-09-12 09:41:28,745 ERROR scheduler Skipped queueing frappe.email.queue.flush because it was found in queue for hrmsdemo.com
2024-09-12 09:56:30,313 ERROR scheduler Skipped queueing frappe.email.queue.flush because it was found in queue for hrmsdemo.com
2024-09-12 09:57:30,392 ERROR scheduler Skipped queueing frappe.email.queue.flush because it was found in queue for hrmsdemo.com
2024-09-12 10:00:30,737 ERROR scheduler Skipped queueing frappe.email.queue.flush because it was found in queue for hrmsdemo.com
2024-09-12 10:01:30,870 ERROR scheduler Skipped queueing frappe.email.queue.flush because it was found in queue for hrmsdemo.com
2024-09-12 10:02:30,998 ERROR scheduler Skipped queueing frappe.email.queue.flush because it was found in queue for hrmsdemo.com
2024-09-12 10:03:31,113 ERROR scheduler Skipped queueing frappe.email.queue.flush because it was found in queue for hrmsdemo.com
2024-09-12 10:08:31,611 ERROR scheduler Skipped queueing frappe.email.queue.flush because it was found in queue for hrmsdemo.com
2024-09-12 10:09:31,737 ERROR scheduler Skipped queueing frappe.email.queue.flush because it was found in queue for hrmsdemo.com
2024-09-12 10:12:32,026 ERROR scheduler Skipped queueing frappe.email.queue.flush because it was found in queue for hrmsdemo.com
2024-09-12 10:13:32,140 ERROR scheduler Skipped queueing frappe.automation.doctype.reminder.reminder.send_reminders because it was found in queue for hrmsdemo.com
2024-09-12 10:13:32,141 ERROR scheduler Skipped queueing frappe.monitor.flush because it was found in queue for hrmsdemo.com
2024-09-12 10:13:32,142 ERROR scheduler Skipped queueing frappe.email.queue.flush because it was found in queue for hrmsdemo.com
2024-09-12 10:14:32,194 ERROR scheduler Skipped queueing frappe.automation.doctype.reminder.reminder.send_reminders because it was found in queue for hrmsdemo.com
2024-09-12 10:14:32,195 ERROR scheduler Skipped queueing frappe.monitor.flush because it was found in queue for hrmsdemo.com
2024-09-12 10:14:32,196 ERROR scheduler Skipped queueing frappe.email.queue.flush because it was found in queue for hrmsdemo.com
2024-09-12 10:15:32,322 ERROR scheduler Skipped queueing frappe.automation.doctype.reminder.reminder.send_reminders because it was found in queue for hrmsdemo.com
2024-09-12 10:15:32,323 ERROR scheduler Skipped queueing frappe.monitor.flush because it was found in queue for hrmsdemo.com
2024-09-12 10:15:32,324 ERROR scheduler Skipped queueing frappe.email.queue.flush because it was found in queue for hrmsdemo.com
2024-09-12 10:20:33,097 ERROR scheduler Skipped queueing frappe.email.queue.flush because it was found in queue for hrmsdemo.com
2024-09-12 13:00:04,901 ERROR scheduler Skipped queueing frappe.email.queue.flush because it was found in queue for hrmsdemo.com
2024-09-12 13:01:05,038 ERROR scheduler Skipped queueing frappe.email.queue.flush because it was found in queue for hrmsdemo.com
2024-09-12 13:04:05,414 ERROR scheduler Skipped queueing frappe.email.queue.flush because it was found in queue for hrmsdemo.com
2024-09-12 13:05:05,539 ERROR scheduler Skipped queueing frappe.email.queue.flush because it was found in queue for hrmsdemo.com
2024-09-12 13:06:05,659 ERROR scheduler Skipped queueing frappe.email.queue.flush because it was found in queue for hrmsdemo.com
2024-09-12 13:07:05,775 ERROR scheduler Skipped queueing frappe.email.queue.flush because it was found in queue for hrmsdemo.com
2024-09-12 13:12:06,387 ERROR scheduler Skipped queueing frappe.email.queue.flush because it was found in queue for hrmsdemo.com
2024-09-12 13:13:06,509 ERROR scheduler Skipped queueing frappe.email.queue.flush because it was found in queue for hrmsdemo.com
2024-09-12 13:16:06,832 ERROR scheduler Skipped queueing frappe.email.queue.flush because it was found in queue for hrmsdemo.com
2024-09-12 13:17:06,963 ERROR scheduler Skipped queueing frappe.email.queue.flush because it was found in queue for hrmsdemo.com
2024-09-12 13:18:07,083 ERROR scheduler Skipped queueing frappe.email.queue.flush because it was found in queue for hrmsdemo.com
2024-09-12 13:19:07,209 ERROR scheduler Skipped queueing frappe.email.queue.flush because it was found in queue for hrmsdemo.com
2024-09-12 13:24:07,831 ERROR scheduler Skipped queueing frappe.email.queue.flush because it was found in queue for hrmsdemo.com
2024-09-12 13:25:07,961 ERROR scheduler Skipped queueing frappe.email.queue.flush because it was found in queue for hrmsdemo.com
2024-09-12 13:28:08,326 ERROR scheduler Skipped queueing frappe.email.queue.flush because it was found in queue for hrmsdemo.com
2024-09-12 13:29:08,361 ERROR scheduler Skipped queueing frappe.email.queue.flush because it was found in queue for hrmsdemo.com
2024-09-12 13:30:08,495 ERROR scheduler Skipped queueing frappe.email.queue.flush because it was found in queue for hrmsdemo.com
2024-09-12 13:31:08,636 ERROR scheduler Skipped queueing frappe.email.queue.flush because it was found in queue for hrmsdemo.com
